<?xml version="1.0" encoding="UTF-8"?>
<!-- Generated by org.testng.reporters.JUnitXMLReporter -->
<testsuite ignored="0" hostname="OM" failures="0" tests="7" name="my Tests" time="15.646" errors="0" timestamp="2025-01-27T09:07:23 IST">
  <testcase classname="annotation.OrangeHRMTest" name="openApp" time="9.687"/>
  <testcase classname="annotation.OrangeHRMTest" name="testLogo" time="5.085"/>
  <testcase classname="annotation.OrangeHRMTest" name="login" time="0.4"/>
  <testcase classname="annotation.OrangeHRMTest" name="closeApp" time="0.349"/>
  <testcase classname="annotation.TestCases_01" name="openApp" time="0.006"/>
  <testcase classname="annotation.TestCases_01" name="login" time="0.006"/>
  <testcase classname="annotation.TestCases_01" name="logout" time="0.005"/>
</testsuite> <!-- my Tests -->
