<?xml version="1.0" encoding="UTF-8"?>
<!-- Generated by org.testng.reporters.JUnitXMLReporter -->
<testsuite ignored="2" hostname="OM" failures="0" tests="6" name="groupingTest" time="0.094" errors="0" timestamp="2025-01-27T10:44:25 IST">
  <testcase classname="grouping.LoginTest" name="loginByEmail" time="0.009"/>
  <testcase classname="grouping.LoginTest" name="loginByFacebook" time="0.001"/>
  <testcase classname="grouping.LoginTest" name="loginByTwitter" time="0.001"/>
  <testcase classname="grouping.SignupTest" name="signUpByEmail" time="0.002"/>
  <testcase classname="grouping.SignupTest" name="signUpByFacebook" time="0.002"/>
  <testcase classname="grouping.SignupTest" name="signUpByTwitter" time="0.002"/>
  <testcase classname="grouping.PaymentsTest" name="paymentInDollers" time="0.0">
    <ignored/>
  </testcase> <!-- paymentInDollers -->
  <testcase classname="grouping.PaymentsTest" name="paymentInRuppes" time="0.0">
    <ignored/>
  </testcase> <!-- paymentInRuppes -->
</testsuite> <!-- groupingTest -->
