<?xml version="1.0" encoding="UTF-8"?>
<!-- Generated by org.testng.reporters.JUnitXMLReporter -->
<testsuite ignored="0" hostname="OM" failures="0" tests="3" name="edgeTest" time="34.385" errors="0" timestamp="2025-01-27T17:52:28 IST">
  <testcase classname="parallelTesting.ParametrizationTest" name="testLogo" time="0.817"/>
  <testcase classname="parallelTesting.ParametrizationTest" name="testTitle" time="0.07"/>
  <testcase classname="parallelTesting.ParametrizationTest" name="testUrl" time="0.06"/>
</testsuite> <!-- edgeTest -->
