<?xml version="1.0" encoding="UTF-8"?>
<!-- Generated by org.testng.reporters.JUnitXMLReporter -->
<testsuite ignored="0" hostname="OM" failures="1" tests="1" name="Test" time="20.228" errors="0" timestamp="2025-02-01T15:15:24 IST">
  <testcase classname="testCases.TC002_LoginTest" name="verify_login" time="12.342">
    <failure type="java.lang.AssertionError" message="Login Failed expected [true] but found [false]">
      <![CDATA[java.lang.AssertionError: Login Failed expected [true] but found [false]
at testCases.TC002_LoginTest.verify_login(TC002_LoginTest.java:37)
at java.base/java.util.ArrayList.forEach(ArrayList.java:1507)
... Removed 32 stack frames]]>
    </failure>
  </testcase> <!-- verify_login -->
</testsuite> <!-- Test -->
