<?xml version="1.0" encoding="UTF-8"?>
<!-- Generated by org.testng.reporters.JUnitXMLReporter -->
<testsuite ignored="2" hostname="OM" failures="0" tests="1" name="Test" time="16.487" errors="0" timestamp="2025-02-02T13:39:13 IST">
  <testcase classname="testCases.TC002_LoginTest" name="verify_login" time="7.517"/>
  <testcase classname="testCases.TC001_AccountRegistrationTest" name="verify_Account_Registration" time="0.0">
    <ignored/>
  </testcase> <!-- verify_Account_Registration -->
  <testcase classname="testCases.TC003_LoginDDT" name="verify_LoginDDT" time="0.0">
    <ignored/>
  </testcase> <!-- verify_LoginDDT -->
</testsuite> <!-- Test -->
