<?xml version="1.0" encoding="UTF-8"?>
<testsuite xmlns:xsi="http://www.w3.org/2001/XMLSchema-instance" xsi:noNamespaceSchemaLocation="https://maven.apache.org/surefire/maven-surefire-plugin/xsd/surefire-test-report.xsd" version="3.0.2" name="TestSuite" time="53.199" tests="2" errors="0" skipped="0" failures="0">
  <properties>
[...]
</properties>
  <testcase name="verify_Account_Registration" classname="testCases.TC001_AccountRegistrationTest" time="3.967">
    <system-out><![CDATA[2025-02-04T07:12:45.833901700Z main INFO Starting configuration XmlConfiguration[location=C:\AutomationWorkSpace\OpenCartV121\OpenCartV121\target\test-classes\log4j2.xml, lastModified=2025-02-04T06:20:56.428Z]...
2025-02-04T07:12:45.836901600Z main INFO Start watching for changes to C:\AutomationWorkSpace\OpenCartV121\OpenCartV121\target\test-classes\log4j2.xml every 0 seconds
2025-02-04T07:12:45.836901600Z main INFO Configuration XmlConfiguration[location=C:\AutomationWorkSpace\OpenCartV121\OpenCartV121\target\test-classes\log4j2.xml, lastModified=2025-02-04T06:20:56.428Z] started.
2025-02-04T07:12:45.841901800Z main INFO Stopping configuration org.apache.logging.log4j.core.config.DefaultConfiguration@470f1802...
2025-02-04T07:12:45.842902200Z main INFO Configuration org.apache.logging.log4j.core.config.DefaultConfiguration@470f1802 stopped.
12:43:16.433 [main] INFO  testCases.TC001_AccountRegistrationTest - *******Starting TC001_AccountRegistrationTest*******
12:43:16.772 [main] INFO  testCases.TC001_AccountRegistrationTest - <---------Clicked on MyAccount link---------->
12:43:17.762 [main] INFO  testCases.TC001_AccountRegistrationTest - <---------Clicked on Regiter link---------->
12:43:17.777 [main] INFO  testCases.TC001_AccountRegistrationTest - <---------Providing Customer details---------->
12:43:20.158 [main] INFO  testCases.TC001_AccountRegistrationTest - <---------Validating expected message---------->
12:43:20.229 [main] INFO  testCases.TC001_AccountRegistrationTest - *******Finished TC001_AccountRegistrationTest******* 
]]></system-out>
    <system-err><![CDATA[Feb 04, 2025 12:43:13 PM org.openqa.selenium.devtools.CdpVersionFinder findNearestMatch
WARNING: Unable to find an exact match for CDP version 132, returning the closest version; found: 130; Please update to a Selenium version that supports CDP version 132
]]></system-err>
  </testcase>
  <testcase name="verify_login" classname="testCases.TC002_LoginTest" time="8.118">
    <system-out><![CDATA[12:43:25.645 [main] INFO  testCases.TC002_LoginTest - *********Starting TC002_LoginTest**********
12:43:33.757 [main] INFO  testCases.TC002_LoginTest - *********Ending TC002_LoginTest**********
]]></system-out>
    <system-err><![CDATA[Feb 04, 2025 12:43:20 PM org.openqa.selenium.remote.http.WebSocket$Listener onError
WARNING: Connection reset
java.net.SocketException: Connection reset
	at java.base/sun.nio.ch.SocketChannelImpl.throwConnectionReset(SocketChannelImpl.java:345)
	at java.base/sun.nio.ch.SocketChannelImpl.read(SocketChannelImpl.java:376)
	at java.net.http/jdk.internal.net.http.SocketTube.readAvailable(SocketTube.java:1153)
	at java.net.http/jdk.internal.net.http.SocketTube$InternalReadPublisher$InternalReadSubscription.read(SocketTube.java:821)
	at java.net.http/jdk.internal.net.http.SocketTube$SocketFlowTask.run(SocketTube.java:175)
	at java.net.http/jdk.internal.net.http.common.SequentialScheduler$SchedulableTask.run(SequentialScheduler.java:198)
	at java.net.http/jdk.internal.net.http.common.SequentialScheduler.runOrSchedule(SequentialScheduler.java:271)
	at java.net.http/jdk.internal.net.http.common.SequentialScheduler.runOrSchedule(SequentialScheduler.java:224)
	at java.net.http/jdk.internal.net.http.SocketTube$InternalReadPublisher$InternalReadSubscription.signalReadable(SocketTube.java:763)
	at java.net.http/jdk.internal.net.http.SocketTube$InternalReadPublisher$ReadEvent.signalEvent(SocketTube.java:941)
	at java.net.http/jdk.internal.net.http.SocketTube$SocketFlowEvent.handle(SocketTube.java:245)
	at java.net.http/jdk.internal.net.http.HttpClientImpl$SelectorManager.handleEvent(HttpClientImpl.java:968)
	at java.net.http/jdk.internal.net.http.HttpClientImpl$SelectorManager.lambda$run$3(HttpClientImpl.java:923)
	at java.base/java.util.ArrayList.forEach(ArrayList.java:1507)
	at java.net.http/jdk.internal.net.http.HttpClientImpl$SelectorManager.run(HttpClientImpl.java:923)

Feb 04, 2025 12:43:23 PM org.openqa.selenium.devtools.CdpVersionFinder findNearestMatch
WARNING: Unable to find an exact match for CDP version 132, returning the closest version; found: 130; Please update to a Selenium version that supports CDP version 132
]]></system-err>
  </testcase>
</testsuite>